[2020-06-28T16:41:50.306] [DEBUG] cheese - login => username:zs,password:123456
[2020-06-28T16:41:50.335] [DEBUG] cheese - zs
[2020-06-28T16:41:50.675] [DEBUG] cheese - null
[2020-06-28T16:41:50.687] [DEBUG] cheese - null
[2020-06-28T16:42:15.926] [DEBUG] cheese - login => username:admin,password:123456
[2020-06-28T16:42:15.926] [DEBUG] cheese - admin
[2020-06-28T16:42:15.935] [DEBUG] cheese - null
[2020-06-28T16:42:15.935] [DEBUG] cheese - null
[2020-06-29T10:50:56.828] [DEBUG] cheese - login => username:21312,password:21312312
[2020-06-29T10:50:56.833] [DEBUG] cheese - 21312
[2020-06-29T10:50:56.889] [DEBUG] cheese - null
[2020-06-29T10:50:56.890] [DEBUG] cheese - null
[2020-06-29T10:52:54.894] [DEBUG] cheese - login => username:12312,password:123123
[2020-06-29T10:52:54.894] [DEBUG] cheese - 12312
[2020-06-29T10:52:55.059] [DEBUG] cheese - null
[2020-06-29T10:52:55.059] [DEBUG] cheese - null
[2020-06-29T10:53:12.298] [DEBUG] cheese - login => username:admin,password:123456
[2020-06-29T10:53:12.298] [DEBUG] cheese - admin
[2020-06-29T10:53:12.302] [DEBUG] cheese - null
[2020-06-29T10:53:12.302] [DEBUG] cheese - null
[2020-06-29T11:17:28.525] [DEBUG] cheese - login => username:admin,password:13213414
[2020-06-29T11:17:28.527] [DEBUG] cheese - admin
[2020-06-29T11:17:29.797] [DEBUG] cheese - null
[2020-06-29T11:17:29.798] [DEBUG] cheese - null
[2020-06-29T11:17:30.242] [DEBUG] cheese - login => username:admin,password:13213414
[2020-06-29T11:17:30.242] [DEBUG] cheese - admin
[2020-06-29T11:17:30.245] [DEBUG] cheese - null
[2020-06-29T11:17:30.245] [DEBUG] cheese - null
[2020-06-29T11:17:38.063] [DEBUG] cheese - login => username:admin,password:13213414
[2020-06-29T11:17:38.063] [DEBUG] cheese - admin
[2020-06-29T11:17:38.064] [DEBUG] cheese - null
[2020-06-29T11:17:38.065] [DEBUG] cheese - null
[2020-06-29T11:17:39.775] [DEBUG] cheese - login => username:admin,password:13213414
[2020-06-29T11:17:39.776] [DEBUG] cheese - admin
[2020-06-29T11:17:39.778] [DEBUG] cheese - null
[2020-06-29T11:17:39.779] [DEBUG] cheese - null
[2020-06-29T11:17:40.603] [DEBUG] cheese - login => username:admin,password:13213414
[2020-06-29T11:17:40.603] [DEBUG] cheese - admin
[2020-06-29T11:17:40.606] [DEBUG] cheese - null
[2020-06-29T11:17:40.606] [DEBUG] cheese - null
[2020-06-29T11:17:41.333] [DEBUG] cheese - login => username:admin,password:13213414
[2020-06-29T11:17:41.333] [DEBUG] cheese - admin
[2020-06-29T11:17:41.336] [DEBUG] cheese - null
[2020-06-29T11:17:41.336] [DEBUG] cheese - null
[2020-06-29T11:17:54.177] [DEBUG] cheese - login => username:admin,password:13213414
[2020-06-29T11:17:54.177] [DEBUG] cheese - admin
[2020-06-29T11:17:54.179] [DEBUG] cheese - null
[2020-06-29T11:17:54.179] [DEBUG] cheese - null
[2020-06-29T11:18:01.536] [DEBUG] cheese - login => username:admin,password:123456
[2020-06-29T11:18:01.536] [DEBUG] cheese - admin
[2020-06-29T11:18:01.539] [DEBUG] cheese - null
[2020-06-29T11:18:01.539] [DEBUG] cheese - null
[2020-06-29T11:37:28.398] [DEBUG] cheese - login => username:admin,password:123456
[2020-06-29T11:37:28.398] [DEBUG] cheese - admin
[2020-06-29T11:37:28.648] [DEBUG] cheese - null
[2020-06-29T11:37:28.648] [DEBUG] cheese - null
[2020-06-29T12:07:54.778] [DEBUG] cheese - login => username:admin,password:123456
[2020-06-29T12:07:54.811] [DEBUG] cheese - admin
[2020-06-29T12:07:55.223] [DEBUG] cheese - null
[2020-06-29T12:07:55.225] [DEBUG] cheese - null
[2020-06-29T12:24:26.012] [DEBUG] cheese - login => username:admin,password:123456
[2020-06-29T12:24:26.012] [DEBUG] cheese - admin
[2020-06-29T12:24:26.451] [DEBUG] cheese - null
[2020-06-29T12:24:26.451] [DEBUG] cheese - null
[2020-06-29T16:34:48.044] [DEBUG] cheese - login => username:admin,password:123456
[2020-06-29T16:34:48.064] [DEBUG] cheese - admin
[2020-06-29T16:34:48.360] [DEBUG] cheese - null
[2020-06-29T16:34:48.369] [DEBUG] cheese - null
[2020-06-29T17:43:26.063] [DEBUG] cheese - login => username:admin,password:123456
[2020-06-29T17:43:26.095] [DEBUG] cheese - admin
[2020-06-29T17:43:26.203] [DEBUG] cheese - null
[2020-06-29T17:43:26.204] [DEBUG] cheese - null
[2020-06-29T18:56:18.191] [DEBUG] cheese - login => username:admin,password:123456
[2020-06-29T18:56:18.232] [DEBUG] cheese - admin
[2020-06-29T18:56:18.305] [DEBUG] cheese - null
[2020-06-29T18:56:18.305] [DEBUG] cheese - null
[2020-06-29T18:57:01.209] [DEBUG] cheese - login => username:admin,password:123456
[2020-06-29T18:57:01.209] [DEBUG] cheese - admin
[2020-06-29T18:57:01.222] [DEBUG] cheese - null
[2020-06-29T18:57:01.222] [DEBUG] cheese - null
[2020-06-29T19:17:31.068] [DEBUG] cheese - login => username:admin,password:123456
[2020-06-29T19:17:31.104] [DEBUG] cheese - admin
[2020-06-29T19:17:31.132] [DEBUG] cheese - null
[2020-06-29T19:17:31.132] [DEBUG] cheese - null
[2020-06-30T10:07:16.376] [DEBUG] cheese - login => username:admin,password:123456
[2020-06-30T10:07:16.393] [DEBUG] cheese - admin
[2020-06-30T10:07:17.626] [DEBUG] cheese - null
[2020-06-30T10:07:17.642] [DEBUG] cheese - null
[2020-06-30T10:28:01.416] [DEBUG] cheese - login => username:admin,password:123456
[2020-06-30T10:28:01.461] [DEBUG] cheese - admin
[2020-06-30T10:28:01.585] [DEBUG] cheese - null
[2020-06-30T10:28:01.586] [DEBUG] cheese - null
[2020-06-30T16:41:14.002] [DEBUG] cheese - login => username:admin,password:123456
[2020-06-30T16:41:14.023] [DEBUG] cheese - admin
[2020-06-30T16:41:15.265] [DEBUG] cheese - null
[2020-06-30T16:41:15.271] [DEBUG] cheese - null
[2020-07-01T09:04:12.764] [DEBUG] cheese - login => username:admin,password:123456
[2020-07-01T09:04:12.788] [DEBUG] cheese - admin
[2020-07-01T09:04:14.055] [DEBUG] cheese - null
[2020-07-01T09:04:14.069] [DEBUG] cheese - null
[2020-07-01T17:00:40.310] [DEBUG] cheese - login => username:admin,password:123456
[2020-07-01T17:00:40.329] [DEBUG] cheese - admin
[2020-07-01T17:00:40.776] [DEBUG] cheese - null
[2020-07-01T17:00:40.787] [DEBUG] cheese - null
[2020-07-01T17:51:57.156] [DEBUG] cheese - null
[2020-07-01T17:52:08.570] [DEBUG] cheese - null
[2020-07-01T17:52:14.396] [DEBUG] cheese - null
[2020-07-01T17:52:21.035] [DEBUG] cheese - null
[2020-07-01T17:52:30.926] [DEBUG] cheese - null
[2020-07-01T17:52:41.949] [DEBUG] cheese - null
[2020-07-01T17:57:29.270] [DEBUG] cheese - null
[2020-07-01T18:00:35.628] [DEBUG] cheese - null
[2020-07-02T09:12:32.408] [DEBUG] cheese - login => username:admin,password:123456
[2020-07-02T09:12:32.430] [DEBUG] cheese - admin
[2020-07-02T09:12:32.857] [DEBUG] cheese - null
[2020-07-02T09:12:32.868] [DEBUG] cheese - null
[2020-07-02T16:07:42.385] [DEBUG] cheese - login => username:admin,password:123456
[2020-07-02T16:07:42.398] [DEBUG] cheese - admin
[2020-07-02T16:07:43.250] [DEBUG] cheese - null
[2020-07-02T16:07:43.257] [DEBUG] cheese - null
[2020-07-02T21:50:13.411] [DEBUG] cheese - login => username:admin,password:123456
[2020-07-02T21:50:13.431] [DEBUG] cheese - admin
[2020-07-02T21:50:13.673] [DEBUG] cheese - null
[2020-07-02T21:50:13.714] [DEBUG] cheese - null
[2020-07-03T09:42:10.432] [DEBUG] cheese - login => username:admin,password:123456
[2020-07-03T09:42:10.452] [DEBUG] cheese - admin
[2020-07-03T09:42:10.906] [DEBUG] cheese - null
[2020-07-03T09:42:10.923] [DEBUG] cheese - null
[2020-07-03T10:17:44.824] [DEBUG] cheese - login => username:admin,password:123456
[2020-07-03T10:17:44.865] [DEBUG] cheese - admin
[2020-07-03T10:17:45.159] [DEBUG] cheese - null
[2020-07-03T10:17:45.166] [DEBUG] cheese - null
[2020-07-03T16:12:21.889] [DEBUG] cheese - login => username:admin,password:123456
[2020-07-03T16:12:21.916] [DEBUG] cheese - admin
[2020-07-03T16:12:23.094] [DEBUG] cheese - null
[2020-07-03T16:12:23.109] [DEBUG] cheese - null
[2020-07-03T21:48:13.131] [DEBUG] cheese - login => username:admin,password:123456
[2020-07-03T21:48:13.149] [DEBUG] cheese - admin
[2020-07-03T21:48:13.562] [DEBUG] cheese - null
[2020-07-03T21:48:13.575] [DEBUG] cheese - null
[2020-07-04T14:00:13.561] [DEBUG] cheese - login => username:admin,password:123456
[2020-07-04T14:00:13.577] [DEBUG] cheese - admin
[2020-07-04T14:00:14.318] [DEBUG] cheese - null
[2020-07-04T14:00:14.327] [DEBUG] cheese - null
[2020-07-06T10:06:17.330] [DEBUG] cheese - login => username:admin,password:123456
[2020-07-06T10:06:17.352] [DEBUG] cheese - admin
[2020-07-06T10:06:20.425] [DEBUG] cheese - null
[2020-07-06T10:06:20.467] [DEBUG] cheese - null
[2020-07-06T15:57:01.506] [DEBUG] cheese - login => username:admin,password:123456
[2020-07-06T15:57:01.526] [DEBUG] cheese - admin
[2020-07-06T15:57:02.125] [DEBUG] cheese - null
[2020-07-06T15:57:02.141] [DEBUG] cheese - null
[2020-07-06T19:01:38.148] [DEBUG] cheese - login => username:admin,password:123456
[2020-07-06T19:01:38.204] [DEBUG] cheese - admin
[2020-07-06T19:01:38.218] [DEBUG] cheese - null
[2020-07-06T19:01:38.233] [DEBUG] cheese - null
[2020-07-06T21:19:59.032] [DEBUG] cheese - login => username:admin,password:123456
[2020-07-06T21:19:59.086] [DEBUG] cheese - admin
[2020-07-06T21:20:00.398] [DEBUG] cheese - null
[2020-07-06T21:20:00.411] [DEBUG] cheese - null
[2020-07-07T08:42:12.267] [DEBUG] cheese - login => username:admin,password:123456
[2020-07-07T08:42:12.308] [DEBUG] cheese - admin
[2020-07-07T08:42:13.319] [DEBUG] cheese - null
[2020-07-07T08:42:13.338] [DEBUG] cheese - null
[2020-07-07T12:07:09.136] [DEBUG] cheese - null
[2020-07-07T16:35:57.295] [DEBUG] cheese - login => username:admin,password:123456
[2020-07-07T16:35:57.311] [DEBUG] cheese - admin
[2020-07-07T16:35:57.824] [DEBUG] cheese - null
[2020-07-07T16:35:57.837] [DEBUG] cheese - null
[2020-07-08T16:50:27.261] [DEBUG] cheese - login => username:admin,password:123456
[2020-07-08T16:50:27.276] [DEBUG] cheese - admin
[2020-07-08T16:50:28.316] [DEBUG] cheese - null
[2020-07-08T16:50:28.323] [DEBUG] cheese - null
[2020-07-08T17:03:34.497] [DEBUG] cheese - login => username:admin,password:123456
[2020-07-08T17:03:34.542] [DEBUG] cheese - admin
[2020-07-08T17:03:34.546] [DEBUG] cheese - null
[2020-07-08T17:03:34.547] [DEBUG] cheese - null
[2020-07-08T18:09:12.302] [DEBUG] cheese - login => username:admin,password:123456
[2020-07-08T18:09:12.322] [DEBUG] cheese - admin
[2020-07-08T18:09:12.825] [DEBUG] cheese - null
[2020-07-08T18:09:12.837] [DEBUG] cheese - null
[2020-07-08T18:10:15.947] [DEBUG] cheese - login => username:admin,password:123456
[2020-07-08T18:10:15.948] [DEBUG] cheese - admin
[2020-07-08T18:10:15.983] [DEBUG] cheese - null
[2020-07-08T18:10:15.984] [DEBUG] cheese - null
[2020-07-08T19:14:03.687] [DEBUG] cheese - login => username:admin,password:123456
[2020-07-08T19:14:03.759] [DEBUG] cheese - admin
[2020-07-08T19:14:05.010] [DEBUG] cheese - null
[2020-07-08T19:14:05.010] [DEBUG] cheese - null
[2020-07-08T19:18:24.981] [DEBUG] cheese - login => username:admin,password:123456
[2020-07-08T19:18:25.036] [DEBUG] cheese - admin
[2020-07-08T19:18:25.683] [DEBUG] cheese - null
[2020-07-08T19:18:25.695] [DEBUG] cheese - null
[2020-07-08T19:19:42.496] [DEBUG] cheese - login => username:admin,password:123456
[2020-07-08T19:19:42.525] [DEBUG] cheese - admin
[2020-07-08T19:19:42.529] [DEBUG] cheese - null
[2020-07-08T19:19:42.542] [DEBUG] cheese - null
[2020-07-08T19:20:35.773] [DEBUG] cheese - login => username:admin,password:123456
[2020-07-08T19:20:35.773] [DEBUG] cheese - admin
[2020-07-08T19:20:35.776] [DEBUG] cheese - null
[2020-07-08T19:20:35.777] [DEBUG] cheese - null
[2020-07-08T19:26:47.092] [DEBUG] cheese - login => username:admin,password:123456
[2020-07-08T19:26:47.110] [DEBUG] cheese - admin
[2020-07-08T19:26:48.218] [DEBUG] cheese - null
[2020-07-08T19:26:48.246] [DEBUG] cheese - null
[2020-07-08T19:29:30.126] [DEBUG] cheese - login => username:admin,password:123456
[2020-07-08T19:29:30.162] [DEBUG] cheese - admin
[2020-07-08T19:29:30.312] [DEBUG] cheese - null
[2020-07-08T19:29:30.312] [DEBUG] cheese - null
[2020-07-08T21:34:57.039] [DEBUG] cheese - login => username:admin,password:123456
[2020-07-08T21:34:57.054] [DEBUG] cheese - admin
[2020-07-08T21:34:57.669] [DEBUG] cheese - null
[2020-07-08T21:34:57.680] [DEBUG] cheese - null
[2020-07-08T21:39:40.253] [DEBUG] cheese - login => username:admin,password:123456
[2020-07-08T21:39:40.255] [DEBUG] cheese - admin
[2020-07-08T21:39:40.661] [DEBUG] cheese - null
[2020-07-08T21:39:40.668] [DEBUG] cheese - null
[2020-07-08T21:48:55.476] [DEBUG] cheese - login => username:admin,password:123456
[2020-07-08T21:48:55.478] [DEBUG] cheese - admin
[2020-07-08T21:48:55.680] [DEBUG] cheese - null
[2020-07-08T21:48:55.684] [DEBUG] cheese - null
[2020-07-09T08:55:14.386] [DEBUG] cheese - login => username:admin,password:123456
[2020-07-09T08:55:14.407] [DEBUG] cheese - admin
[2020-07-09T08:55:14.663] [DEBUG] cheese - null
[2020-07-09T08:55:14.671] [DEBUG] cheese - null
